[33m[nodemon] 3.1.10[39m
[33m[nodemon] to restart at any time, enter `rs`[39m
[33m[nodemon] watching path(s): server.ts src\**\*[39m
[33m[nodemon] watching extensions: ts,tsx,js,jsx[39m
[32m[nodemon] starting `npx tsx server.ts`[39m
 тЪа Warning: Next.js inferred your workspace root, but it may not be correct.
 We detected multiple lockfiles and selected the directory of C:\Users\crypt\package-lock.json as the root directory.
 To silence this warning, set `outputFileTracingRoot` in your Next.js config, or consider removing one of the lockfiles if it's not needed.
   See https://nextjs.org/docs/app/api-reference/config/next-config-js/output#caveats for more information.
 Detected additional lockfiles: 
   * C:\Users\crypt\Downloads\Ai projects\websites\NovaGen Automation\package-lock.json

> Ready on http://localhost:3000
> Socket.IO server running at ws://localhost:3000/api/socketio
 тЪа Fast Refresh had to perform a full reload due to a runtime error.
 тЧЛ Compiling /middleware ...
 тЬУ Compiled /middleware in 9.2s (1121 modules)
 тЪа Fast Refresh had to perform a full reload due to a runtime error.
 GET /gallery 200 in 11031ms
 тЧЛ Compiling /admin/login ...
 тЪа Fast Refresh had to perform a full reload due to a runtime error.
 тЪа Fast Refresh had to perform a full reload due to a runtime error.
 тЪа Fast Refresh had to perform a full reload due to a runtime error.
 тЪа Fast Refresh had to perform a full reload due to a runtime error.
 тип ./src/app/admin/layout.tsx
Error:   [31mx[0m Expected '</', got 'jsx text (
  [31m|[0m             )'
    ,-[[36;1;4mC:\Users\crypt\Downloads\Ai projects\websites\NovaGen Automation\src\app\admin\layout.tsx[0m:86:1]
 [2m83[0m |     
 [2m84[0m |               <div className="mt-8 pt-8 border-t border-gray-200">
 [2m85[0m |                 Logout
 [2m86[0m | [35;1m,[0m[35;1m-[0m[35;1m>[0m             </button>
 [2m87[0m | [35;1m`[0m[35;1m-[0m[35;1m>[0m             <div className="mt-4">
 [2m88[0m |                   <ThemeSwitcher />
 [2m89[0m |                 </div>
 [2m90[0m |               </div>
    `----

Caused by:
    Syntax Error

Import trace for requested module:
./src/app/admin/layout.tsx
 тЪа Fast Refresh had to perform a full reload due to a runtime error.
 тЪа Fast Refresh had to perform a full reload due to a runtime error.
 тип ./src/app/admin/layout.tsx
Error:   [31mx[0m Expected '</', got 'jsx text (
  [31m|[0m             )'
    ,-[[36;1;4mC:\Users\crypt\Downloads\Ai projects\websites\NovaGen Automation\src\app\admin\layout.tsx[0m:86:1]
 [2m83[0m |     
 [2m84[0m |               <div className="mt-8 pt-8 border-t border-gray-200">
 [2m85[0m |                 Logout
 [2m86[0m | [35;1m,[0m[35;1m-[0m[35;1m>[0m             </button>
 [2m87[0m | [35;1m`[0m[35;1m-[0m[35;1m>[0m             <div className="mt-4">
 [2m88[0m |                   <ThemeSwitcher />
 [2m89[0m |                 </div>
 [2m90[0m |               </div>
    `----

Caused by:
    Syntax Error

Import trace for requested module:
./src/app/admin/layout.tsx
 тип ./src/app/admin/layout.tsx
Error:   [31mx[0m Expected '</', got 'jsx text (
  [31m|[0m             )'
    ,-[[36;1;4mC:\Users\crypt\Downloads\Ai projects\websites\NovaGen Automation\src\app\admin\layout.tsx[0m:86:1]
 [2m83[0m |     
 [2m84[0m |               <div className="mt-8 pt-8 border-t border-gray-200">
 [2m85[0m |                 Logout
 [2m86[0m | [35;1m,[0m[35;1m-[0m[35;1m>[0m             </button>
 [2m87[0m | [35;1m`[0m[35;1m-[0m[35;1m>[0m             <div className="mt-4">
 [2m88[0m |                   <ThemeSwitcher />
 [2m89[0m |                 </div>
 [2m90[0m |               </div>
    `----

Caused by:
    Syntax Error

Import trace for requested module:
./src/app/admin/layout.tsx
 GET /api/placeholder/400/300 500 in 24731ms
 GET /api/pages 500 in 22560ms
 GET /gallery 500 in 2524ms
 GET /admin/login?from=%2Fadmin 500 in 2206ms
 GET /gallery 500 in 56ms
 GET /gallery 500 in 61ms
<w> [webpack.cache.PackFileCacheStrategy] Caching failed for pack: Error: ENOENT: no such file or directory, rename 'C:\Users\crypt\Downloads\Ai projects\websites\NovaGen Automation\.next\cache\webpack\client-development-fallback\0.pack.gz_' -> 'C:\Users\crypt\Downloads\Ai projects\websites\NovaGen Automation\.next\cache\webpack\client-development-fallback\0.pack.gz'
<w> [webpack.cache.PackFileCacheStrategy] Caching failed for pack: Error: ENOENT: no such file or directory, rename 'C:\Users\crypt\Downloads\Ai projects\websites\NovaGen Automation\.next\cache\webpack\client-development-fallback\0.pack.gz_' -> 'C:\Users\crypt\Downloads\Ai projects\websites\NovaGen Automation\.next\cache\webpack\client-development-fallback\0.pack.gz'
<w> [webpack.cache.PackFileCacheStrategy] Caching failed for pack: Error: ENOENT: no such file or directory, rename 'C:\Users\crypt\Downloads\Ai projects\websites\NovaGen Automation\.next\cache\webpack\client-development-fallback\0.pack.gz_' -> 'C:\Users\crypt\Downloads\Ai projects\websites\NovaGen Automation\.next\cache\webpack\client-development-fallback\0.pack.gz'
<w> [webpack.cache.PackFileCacheStrategy] Caching failed for pack: Error: ENOENT: no such file or directory, rename 'C:\Users\crypt\Downloads\Ai projects\websites\NovaGen Automation\.next\cache\webpack\client-development-fallback\0.pack.gz_' -> 'C:\Users\crypt\Downloads\Ai projects\websites\NovaGen Automation\.next\cache\webpack\client-development-fallback\0.pack.gz'
<w> [webpack.cache.PackFileCacheStrategy] Caching failed for pack: Error: ENOENT: no such file or directory, rename 'C:\Users\crypt\Downloads\Ai projects\websites\NovaGen Automation\.next\cache\webpack\client-development-fallback\0.pack.gz_' -> 'C:\Users\crypt\Downloads\Ai projects\websites\NovaGen Automation\.next\cache\webpack\client-development-fallback\0.pack.gz'
<w> [webpack.cache.PackFileCacheStrategy] Caching failed for pack: Error: ENOENT: no such file or directory, rename 'C:\Users\crypt\Downloads\Ai projects\websites\NovaGen Automation\.next\cache\webpack\client-development-fallback\0.pack.gz_' -> 'C:\Users\crypt\Downloads\Ai projects\websites\NovaGen Automation\.next\cache\webpack\client-development-fallback\0.pack.gz'
 тЪа Fast Refresh had to perform a full reload. Read more: https://nextjs.org/docs/messages/fast-refresh-reload
 тЪа Fast Refresh had to perform a full reload. Read more: https://nextjs.org/docs/messages/fast-refresh-reload
 тЪа Fast Refresh had to perform a full reload. Read more: https://nextjs.org/docs/messages/fast-refresh-reload
 тЪа Fast Refresh had to perform a full reload. Read more: https://nextjs.org/docs/messages/fast-refresh-reload
 тЪа Fast Refresh had to perform a full reload. Read more: https://nextjs.org/docs/messages/fast-refresh-reload
 тЪа Fast Refresh had to perform a full reload. Read more: https://nextjs.org/docs/messages/fast-refresh-reload
 тип ./src/app/admin/layout.tsx
Error:   [31mx[0m Expected '</', got 'jsx text (
  [31m|[0m             )'
    ,-[[36;1;4mC:\Users\crypt\Downloads\Ai projects\websites\NovaGen Automation\src\app\admin\layout.tsx[0m:86:1]
 [2m83[0m |     
 [2m84[0m |               <div className="mt-8 pt-8 border-t border-gray-200">
 [2m85[0m |                 Logout
 [2m86[0m | [35;1m,[0m[35;1m-[0m[35;1m>[0m             </button>
 [2m87[0m | [35;1m`[0m[35;1m-[0m[35;1m>[0m             <div className="mt-4">
 [2m88[0m |                   <ThemeSwitcher />
 [2m89[0m |                 </div>
 [2m90[0m |               </div>
    `----

Caused by:
    Syntax Error

Import trace for requested module:
./src/app/admin/layout.tsx
 GET /gallery 500 in 484ms
 POST /api/auth/login 500 in 1921ms
 GET /admin/login?from=%2Fadmin 500 in 618ms
[32m[nodemon] restarting due to changes...[39m
[32m[nodemon] starting `npx tsx server.ts`[39m
 тЪа Warning: Next.js inferred your workspace root, but it may not be correct.
 We detected multiple lockfiles and selected the directory of C:\Users\crypt\package-lock.json as the root directory.
 To silence this warning, set `outputFileTracingRoot` in your Next.js config, or consider removing one of the lockfiles if it's not needed.
   See https://nextjs.org/docs/app/api-reference/config/next-config-js/output#caveats for more information.
 Detected additional lockfiles: 
   * C:\Users\crypt\Downloads\Ai projects\websites\NovaGen Automation\package-lock.json

Error: listen EADDRINUSE: address already in use ::1:3000
    at <unknown> (Error: listen EADDRINUSE: address already in use ::1:3000) {
  code: 'EADDRINUSE',
  errno: -4091,
  syscall: 'listen',
  address: '::1',
  port: 3000
}
 тип uncaughtException: Error: listen EADDRINUSE: address already in use ::1:3000
    at <unknown> (Error: listen EADDRINUSE: address already in use ::1:3000) {
  code: 'EADDRINUSE',
  errno: -4091,
  syscall: 'listen',
  address: '::1',
  port: 3000
}
 тип uncaughtException:  Error: listen EADDRINUSE: address already in use ::1:3000
    at <unknown> (Error: listen EADDRINUSE: address already in use ::1:3000) {
  code: 'EADDRINUSE',
  errno: -4091,
  syscall: 'listen',
  address: '::1',
  port: 3000
}
[32m[nodemon] restarting due to changes...[39m
[32m[nodemon] starting `npx tsx server.ts`[39m
 тЪа Warning: Next.js inferred your workspace root, but it may not be correct.
 We detected multiple lockfiles and selected the directory of C:\Users\crypt\package-lock.json as the root directory.
 To silence this warning, set `outputFileTracingRoot` in your Next.js config, or consider removing one of the lockfiles if it's not needed.
   See https://nextjs.org/docs/app/api-reference/config/next-config-js/output#caveats for more information.
 Detected additional lockfiles: 
   * C:\Users\crypt\Downloads\Ai projects\websites\NovaGen Automation\package-lock.json

> Ready on http://localhost:3000
> Socket.IO server running at ws://localhost:3000/api/socketio
<w> [webpack.cache.PackFileCacheStrategy] Caching failed for pack: Error: ENOENT: no such file or directory, rename 'C:\Users\crypt\Downloads\Ai projects\websites\NovaGen Automation\.next\cache\webpack\client-development\0.pack.gz_' -> 'C:\Users\crypt\Downloads\Ai projects\websites\NovaGen Automation\.next\cache\webpack\client-development\0.pack.gz'
[32m[nodemon] restarting due to changes...[39m
[32m[nodemon] restarting due to changes...[39m
[32m[nodemon] starting `npx tsx server.ts`[39m
 тЪа Warning: Next.js inferred your workspace root, but it may not be correct.
 We detected multiple lockfiles and selected the directory of C:\Users\crypt\package-lock.json as the root directory.
 To silence this warning, set `outputFileTracingRoot` in your Next.js config, or consider removing one of the lockfiles if it's not needed.
   See https://nextjs.org/docs/app/api-reference/config/next-config-js/output#caveats for more information.
 Detected additional lockfiles: 
   * C:\Users\crypt\Downloads\Ai projects\websites\NovaGen Automation\package-lock.json

Error: listen EADDRINUSE: address already in use ::1:3000
    at <unknown> (Error: listen EADDRINUSE: address already in use ::1:3000) {
  code: 'EADDRINUSE',
  errno: -4091,
  syscall: 'listen',
  address: '::1',
  port: 3000
}
 тип uncaughtException: Error: listen EADDRINUSE: address already in use ::1:3000
    at <unknown> (Error: listen EADDRINUSE: address already in use ::1:3000) {
  code: 'EADDRINUSE',
  errno: -4091,
  syscall: 'listen',
  address: '::1',
  port: 3000
}
 тип uncaughtException:  Error: listen EADDRINUSE: address already in use ::1:3000
    at <unknown> (Error: listen EADDRINUSE: address already in use ::1:3000) {
  code: 'EADDRINUSE',
  errno: -4091,
  syscall: 'listen',
  address: '::1',
  port: 3000
}
[32m[nodemon] restarting due to changes...[39m
[32m[nodemon] starting `npx tsx server.ts`[39m
 тЪа Warning: Next.js inferred your workspace root, but it may not be correct.
 We detected multiple lockfiles and selected the directory of C:\Users\crypt\package-lock.json as the root directory.
 To silence this warning, set `outputFileTracingRoot` in your Next.js config, or consider removing one of the lockfiles if it's not needed.
   See https://nextjs.org/docs/app/api-reference/config/next-config-js/output#caveats for more information.
 Detected additional lockfiles: 
   * C:\Users\crypt\Downloads\Ai projects\websites\NovaGen Automation\package-lock.json

> Ready on http://localhost:3000
> Socket.IO server running at ws://localhost:3000/api/socketio
[32m[nodemon] restarting due to changes...[39m
[32m[nodemon] starting `npx tsx server.ts`[39m
 тЪа Warning: Next.js inferred your workspace root, but it may not be correct.
 We detected multiple lockfiles and selected the directory of C:\Users\crypt\package-lock.json as the root directory.
 To silence this warning, set `outputFileTracingRoot` in your Next.js config, or consider removing one of the lockfiles if it's not needed.
   See https://nextjs.org/docs/app/api-reference/config/next-config-js/output#caveats for more information.
 Detected additional lockfiles: 
   * C:\Users\crypt\Downloads\Ai projects\websites\NovaGen Automation\package-lock.json

Error: listen EADDRINUSE: address already in use ::1:3000
    at <unknown> (Error: listen EADDRINUSE: address already in use ::1:3000) {
  code: 'EADDRINUSE',
  errno: -4091,
  syscall: 'listen',
  address: '::1',
  port: 3000
}
 тип uncaughtException: Error: listen EADDRINUSE: address already in use ::1:3000
    at <unknown> (Error: listen EADDRINUSE: address already in use ::1:3000) {
  code: 'EADDRINUSE',
  errno: -4091,
  syscall: 'listen',
  address: '::1',
  port: 3000
}
 тип uncaughtException:  Error: listen EADDRINUSE: address already in use ::1:3000
    at <unknown> (Error: listen EADDRINUSE: address already in use ::1:3000) {
  code: 'EADDRINUSE',
  errno: -4091,
  syscall: 'listen',
  address: '::1',
  port: 3000
}
[32m[nodemon] restarting due to changes...[39m
[32m[nodemon] starting `npx tsx server.ts`[39m
 тЪа Warning: Next.js inferred your workspace root, but it may not be correct.
 We detected multiple lockfiles and selected the directory of C:\Users\crypt\package-lock.json as the root directory.
 To silence this warning, set `outputFileTracingRoot` in your Next.js config, or consider removing one of the lockfiles if it's not needed.
   See https://nextjs.org/docs/app/api-reference/config/next-config-js/output#caveats for more information.
 Detected additional lockfiles: 
   * C:\Users\crypt\Downloads\Ai projects\websites\NovaGen Automation\package-lock.json

Error: listen EADDRINUSE: address already in use ::1:3000
    at <unknown> (Error: listen EADDRINUSE: address already in use ::1:3000) {
  code: 'EADDRINUSE',
  errno: -4091,
  syscall: 'listen',
  address: '::1',
  port: 3000
}
 тип uncaughtException: Error: listen EADDRINUSE: address already in use ::1:3000
    at <unknown> (Error: listen EADDRINUSE: address already in use ::1:3000) {
  code: 'EADDRINUSE',
  errno: -4091,
  syscall: 'listen',
  address: '::1',
  port: 3000
}
 тип uncaughtException:  Error: listen EADDRINUSE: address already in use ::1:3000
    at <unknown> (Error: listen EADDRINUSE: address already in use ::1:3000) {
  code: 'EADDRINUSE',
  errno: -4091,
  syscall: 'listen',
  address: '::1',
  port: 3000
}
[32m[nodemon] restarting due to changes...[39m
[32m[nodemon] restarting due to changes...[39m
[32m[nodemon] starting `npx tsx server.ts`[39m
 тЪа Warning: Next.js inferred your workspace root, but it may not be correct.
 We detected multiple lockfiles and selected the directory of C:\Users\crypt\package-lock.json as the root directory.
 To silence this warning, set `outputFileTracingRoot` in your Next.js config, or consider removing one of the lockfiles if it's not needed.
   See https://nextjs.org/docs/app/api-reference/config/next-config-js/output#caveats for more information.
 Detected additional lockfiles: 
   * C:\Users\crypt\Downloads\Ai projects\websites\NovaGen Automation\package-lock.json

Error: listen EADDRINUSE: address already in use ::1:3000
    at <unknown> (Error: listen EADDRINUSE: address already in use ::1:3000) {
  code: 'EADDRINUSE',
  errno: -4091,
  syscall: 'listen',
  address: '::1',
  port: 3000
}
 тип uncaughtException: Error: listen EADDRINUSE: address already in use ::1:3000
    at <unknown> (Error: listen EADDRINUSE: address already in use ::1:3000) {
  code: 'EADDRINUSE',
  errno: -4091,
  syscall: 'listen',
  address: '::1',
  port: 3000
}
 тип uncaughtException:  Error: listen EADDRINUSE: address already in use ::1:3000
    at <unknown> (Error: listen EADDRINUSE: address already in use ::1:3000) {
  code: 'EADDRINUSE',
  errno: -4091,
  syscall: 'listen',
  address: '::1',
  port: 3000
}
[32m[nodemon] restarting due to changes...[39m
[32m[nodemon] starting `npx tsx server.ts`[39m
 тЪа Warning: Next.js inferred your workspace root, but it may not be correct.
 We detected multiple lockfiles and selected the directory of C:\Users\crypt\package-lock.json as the root directory.
 To silence this warning, set `outputFileTracingRoot` in your Next.js config, or consider removing one of the lockfiles if it's not needed.
   See https://nextjs.org/docs/app/api-reference/config/next-config-js/output#caveats for more information.
 Detected additional lockfiles: 
   * C:\Users\crypt\Downloads\Ai projects\websites\NovaGen Automation\package-lock.json

Error: listen EADDRINUSE: address already in use ::1:3000
    at <unknown> (Error: listen EADDRINUSE: address already in use ::1:3000) {
  code: 'EADDRINUSE',
  errno: -4091,
  syscall: 'listen',
  address: '::1',
  port: 3000
}
 тип uncaughtException: Error: listen EADDRINUSE: address already in use ::1:3000
    at <unknown> (Error: listen EADDRINUSE: address already in use ::1:3000) {
  code: 'EADDRINUSE',
  errno: -4091,
  syscall: 'listen',
  address: '::1',
  port: 3000
}
 тип uncaughtException:  Error: listen EADDRINUSE: address already in use ::1:3000
    at <unknown> (Error: listen EADDRINUSE: address already in use ::1:3000) {
  code: 'EADDRINUSE',
  errno: -4091,
  syscall: 'listen',
  address: '::1',
  port: 3000
}
[32m[nodemon] restarting due to changes...[39m
[32m[nodemon] restarting due to changes...[39m
[32m[nodemon] starting `npx tsx server.ts`[39m
 тЪа Warning: Next.js inferred your workspace root, but it may not be correct.
 We detected multiple lockfiles and selected the directory of C:\Users\crypt\package-lock.json as the root directory.
 To silence this warning, set `outputFileTracingRoot` in your Next.js config, or consider removing one of the lockfiles if it's not needed.
   See https://nextjs.org/docs/app/api-reference/config/next-config-js/output#caveats for more information.
 Detected additional lockfiles: 
   * C:\Users\crypt\Downloads\Ai projects\websites\NovaGen Automation\package-lock.json

Error: listen EADDRINUSE: address already in use ::1:3000
    at <unknown> (Error: listen EADDRINUSE: address already in use ::1:3000) {
  code: 'EADDRINUSE',
  errno: -4091,
  syscall: 'listen',
  address: '::1',
  port: 3000
}
 тип uncaughtException: Error: listen EADDRINUSE: address already in use ::1:3000
    at <unknown> (Error: listen EADDRINUSE: address already in use ::1:3000) {
  code: 'EADDRINUSE',
  errno: -4091,
  syscall: 'listen',
  address: '::1',
  port: 3000
}
 тип uncaughtException:  Error: listen EADDRINUSE: address already in use ::1:3000
    at <unknown> (Error: listen EADDRINUSE: address already in use ::1:3000) {
  code: 'EADDRINUSE',
  errno: -4091,
  syscall: 'listen',
  address: '::1',
  port: 3000
}
[32m[nodemon] restarting due to changes...[39m
[32m[nodemon] restarting due to changes...[39m
[32m[nodemon] starting `npx tsx server.ts`[39m
 тЪа Warning: Next.js inferred your workspace root, but it may not be correct.
 We detected multiple lockfiles and selected the directory of C:\Users\crypt\package-lock.json as the root directory.
 To silence this warning, set `outputFileTracingRoot` in your Next.js config, or consider removing one of the lockfiles if it's not needed.
   See https://nextjs.org/docs/app/api-reference/config/next-config-js/output#caveats for more information.
 Detected additional lockfiles: 
   * C:\Users\crypt\Downloads\Ai projects\websites\NovaGen Automation\package-lock.json

Error: listen EADDRINUSE: address already in use ::1:3000
    at <unknown> (Error: listen EADDRINUSE: address already in use ::1:3000) {
  code: 'EADDRINUSE',
  errno: -4091,
  syscall: 'listen',
  address: '::1',
  port: 3000
}
 тип uncaughtException: Error: listen EADDRINUSE: address already in use ::1:3000
    at <unknown> (Error: listen EADDRINUSE: address already in use ::1:3000) {
  code: 'EADDRINUSE',
  errno: -4091,
  syscall: 'listen',
  address: '::1',
  port: 3000
}
 тип uncaughtException:  Error: listen EADDRINUSE: address already in use ::1:3000
    at <unknown> (Error: listen EADDRINUSE: address already in use ::1:3000) {
  code: 'EADDRINUSE',
  errno: -4091,
  syscall: 'listen',
  address: '::1',
  port: 3000
}
[32m[nodemon] restarting due to changes...[39m
[32m[nodemon] starting `npx tsx server.ts`[39m
 тЪа Warning: Next.js inferred your workspace root, but it may not be correct.
 We detected multiple lockfiles and selected the directory of C:\Users\crypt\package-lock.json as the root directory.
 To silence this warning, set `outputFileTracingRoot` in your Next.js config, or consider removing one of the lockfiles if it's not needed.
   See https://nextjs.org/docs/app/api-reference/config/next-config-js/output#caveats for more information.
 Detected additional lockfiles: 
   * C:\Users\crypt\Downloads\Ai projects\websites\NovaGen Automation\package-lock.json

Error: listen EADDRINUSE: address already in use ::1:3000
    at <unknown> (Error: listen EADDRINUSE: address already in use ::1:3000) {
  code: 'EADDRINUSE',
  errno: -4091,
  syscall: 'listen',
  address: '::1',
  port: 3000
}
 тип uncaughtException: Error: listen EADDRINUSE: address already in use ::1:3000
    at <unknown> (Error: listen EADDRINUSE: address already in use ::1:3000) {
  code: 'EADDRINUSE',
  errno: -4091,
  syscall: 'listen',
  address: '::1',
  port: 3000
}
 тип uncaughtException:  Error: listen EADDRINUSE: address already in use ::1:3000
    at <unknown> (Error: listen EADDRINUSE: address already in use ::1:3000) {
  code: 'EADDRINUSE',
  errno: -4091,
  syscall: 'listen',
  address: '::1',
  port: 3000
}
[32m[nodemon] restarting due to changes...[39m
[32m[nodemon] restarting due to changes...[39m
[32m[nodemon] restarting due to changes...[39m
[32m[nodemon] starting `npx tsx server.ts`[39m
 тЪа Warning: Next.js inferred your workspace root, but it may not be correct.
 We detected multiple lockfiles and selected the directory of C:\Users\crypt\package-lock.json as the root directory.
 To silence this warning, set `outputFileTracingRoot` in your Next.js config, or consider removing one of the lockfiles if it's not needed.
   See https://nextjs.org/docs/app/api-reference/config/next-config-js/output#caveats for more information.
 Detected additional lockfiles: 
   * C:\Users\crypt\Downloads\Ai projects\websites\NovaGen Automation\package-lock.json

Error: listen EADDRINUSE: address already in use ::1:3000
    at <unknown> (Error: listen EADDRINUSE: address already in use ::1:3000) {
  code: 'EADDRINUSE',
  errno: -4091,
  syscall: 'listen',
  address: '::1',
  port: 3000
}
 тип uncaughtException: Error: listen EADDRINUSE: address already in use ::1:3000
    at <unknown> (Error: listen EADDRINUSE: address already in use ::1:3000) {
  code: 'EADDRINUSE',
  errno: -4091,
  syscall: 'listen',
  address: '::1',
  port: 3000
}
 тип uncaughtException:  Error: listen EADDRINUSE: address already in use ::1:3000
    at <unknown> (Error: listen EADDRINUSE: address already in use ::1:3000) {
  code: 'EADDRINUSE',
  errno: -4091,
  syscall: 'listen',
  address: '::1',
  port: 3000
}
[32m[nodemon] restarting due to changes...[39m
[32m[nodemon] starting `npx tsx server.ts`[39m
 тЪа Warning: Next.js inferred your workspace root, but it may not be correct.
 We detected multiple lockfiles and selected the directory of C:\Users\crypt\package-lock.json as the root directory.
 To silence this warning, set `outputFileTracingRoot` in your Next.js config, or consider removing one of the lockfiles if it's not needed.
   See https://nextjs.org/docs/app/api-reference/config/next-config-js/output#caveats for more information.
 Detected additional lockfiles: 
   * C:\Users\crypt\Downloads\Ai projects\websites\NovaGen Automation\package-lock.json

Error: listen EADDRINUSE: address already in use ::1:3000
    at <unknown> (Error: listen EADDRINUSE: address already in use ::1:3000) {
  code: 'EADDRINUSE',
  errno: -4091,
  syscall: 'listen',
  address: '::1',
  port: 3000
}
 тип uncaughtException: Error: listen EADDRINUSE: address already in use ::1:3000
    at <unknown> (Error: listen EADDRINUSE: address already in use ::1:3000) {
  code: 'EADDRINUSE',
  errno: -4091,
  syscall: 'listen',
  address: '::1',
  port: 3000
}
 тип uncaughtException:  Error: listen EADDRINUSE: address already in use ::1:3000
    at <unknown> (Error: listen EADDRINUSE: address already in use ::1:3000) {
  code: 'EADDRINUSE',
  errno: -4091,
  syscall: 'listen',
  address: '::1',
  port: 3000
}
[32m[nodemon] restarting due to changes...[39m
[32m[nodemon] restarting due to changes...[39m
[32m[nodemon] starting `npx tsx server.ts`[39m
 тЪа Warning: Next.js inferred your workspace root, but it may not be correct.
 We detected multiple lockfiles and selected the directory of C:\Users\crypt\package-lock.json as the root directory.
 To silence this warning, set `outputFileTracingRoot` in your Next.js config, or consider removing one of the lockfiles if it's not needed.
   See https://nextjs.org/docs/app/api-reference/config/next-config-js/output#caveats for more information.
 Detected additional lockfiles: 
   * C:\Users\crypt\Downloads\Ai projects\websites\NovaGen Automation\package-lock.json

Error: listen EADDRINUSE: address already in use ::1:3000
    at <unknown> (Error: listen EADDRINUSE: address already in use ::1:3000) {
  code: 'EADDRINUSE',
  errno: -4091,
  syscall: 'listen',
  address: '::1',
  port: 3000
}
 тип uncaughtException: Error: listen EADDRINUSE: address already in use ::1:3000
    at <unknown> (Error: listen EADDRINUSE: address already in use ::1:3000) {
  code: 'EADDRINUSE',
  errno: -4091,
  syscall: 'listen',
  address: '::1',
  port: 3000
}
 тип uncaughtException:  Error: listen EADDRINUSE: address already in use ::1:3000
    at <unknown> (Error: listen EADDRINUSE: address already in use ::1:3000) {
  code: 'EADDRINUSE',
  errno: -4091,
  syscall: 'listen',
  address: '::1',
  port: 3000
}
[32m[nodemon] restarting due to changes...[39m
[32m[nodemon] restarting due to changes...[39m
[32m[nodemon] starting `npx tsx server.ts`[39m
 тЪа Warning: Next.js inferred your workspace root, but it may not be correct.
 We detected multiple lockfiles and selected the directory of C:\Users\crypt\package-lock.json as the root directory.
 To silence this warning, set `outputFileTracingRoot` in your Next.js config, or consider removing one of the lockfiles if it's not needed.
   See https://nextjs.org/docs/app/api-reference/config/next-config-js/output#caveats for more information.
 Detected additional lockfiles: 
   * C:\Users\crypt\Downloads\Ai projects\websites\NovaGen Automation\package-lock.json

Error: listen EADDRINUSE: address already in use ::1:3000
    at <unknown> (Error: listen EADDRINUSE: address already in use ::1:3000) {
  code: 'EADDRINUSE',
  errno: -4091,
  syscall: 'listen',
  address: '::1',
  port: 3000
}
 тип uncaughtException: Error: listen EADDRINUSE: address already in use ::1:3000
    at <unknown> (Error: listen EADDRINUSE: address already in use ::1:3000) {
  code: 'EADDRINUSE',
  errno: -4091,
  syscall: 'listen',
  address: '::1',
  port: 3000
}
 тип uncaughtException:  Error: listen EADDRINUSE: address already in use ::1:3000
    at <unknown> (Error: listen EADDRINUSE: address already in use ::1:3000) {
  code: 'EADDRINUSE',
  errno: -4091,
  syscall: 'listen',
  address: '::1',
  port: 3000
}
^C^CTerminate batch job (Y/N)? 
[31m[nodemon] app crashed - waiting for file changes before starting...[39m
[32m[nodemon] restarting child process[39m
[32m[nodemon] starting `npx tsx server.ts`[39m
 тЪа Warning: Next.js inferred your workspace root, but it may not be correct.
 We detected multiple lockfiles and selected the directory of C:\Users\crypt\package-lock.json as the root directory.
 To silence this warning, set `outputFileTracingRoot` in your Next.js config, or consider removing one of the lockfiles if it's not needed.
   See https://nextjs.org/docs/app/api-reference/config/next-config-js/output#caveats for more information.
 Detected additional lockfiles: 
   * C:\Users\crypt\Downloads\Ai projects\websites\NovaGen Automation\package-lock.json

^CError: listen EADDRINUSE: address already in use ::1:3000
    at <unknown> (Error: listen EADDRINUSE: address already in use ::1:3000) {
  code: 'EADDRINUSE',
  errno: -4091,
  syscall: 'listen',
  address: '::1',
  port: 3000
}
 тип uncaughtException: Error: listen EADDRINUSE: address already in use ::1:3000
    at <unknown> (Error: listen EADDRINUSE: address already in use ::1:3000) {
  code: 'EADDRINUSE',
  errno: -4091,
  syscall: 'listen',
  address: '::1',
  port: 3000
}
 тип uncaughtException:  Error: listen EADDRINUSE: address already in use ::1:3000
    at <unknown> (Error: listen EADDRINUSE: address already in use ::1:3000) {
  code: 'EADDRINUSE',
  errno: -4091,
  syscall: 'listen',
  address: '::1',
  port: 3000
}
